<?xml version="1.0" encoding="UTF-8"?>
<testng-results ignored="0" total="2" passed="2" failed="0" skipped="0">
  <reporter-output>
  </reporter-output>
  <suite started-at="2024-01-05T16:08:10 GMT" name="MyTestSuite" finished-at="2024-01-05T16:08:10 GMT" duration-ms="52">
    <groups>
    </groups>
    <test started-at="2024-01-05T16:08:10 GMT" name="MyTest" finished-at="2024-01-05T16:08:10 GMT" duration-ms="52">
      <class name="Selenium.Selenium.TestNGBasics">
        <test-method is-config="true" signature="beforeSuite()[pri:0, instance:Selenium.Selenium.TestNGBasics@452e19ca]" started-at="2024-01-05T16:08:10 GMT" name="beforeSuite" finished-at="2024-01-05T16:08:10 GMT" duration-ms="8" status="PASS">
          <reporter-output>
          </reporter-output>
        </test-method> <!-- beforeSuite -->
        <test-method is-config="true" signature="beforeClass()[pri:0, instance:Selenium.Selenium.TestNGBasics@452e19ca]" started-at="2024-01-05T16:08:10 GMT" name="beforeClass" finished-at="2024-01-05T16:08:10 GMT" duration-ms="0" status="PASS">
          <reporter-output>
          </reporter-output>
        </test-method> <!-- beforeClass -->
        <test-method is-config="true" signature="beforeMethod()[pri:0, instance:Selenium.Selenium.TestNGBasics@452e19ca]" started-at="2024-01-05T16:08:10 GMT" name="beforeMethod" finished-at="2024-01-05T16:08:10 GMT" duration-ms="1" status="PASS">
          <reporter-output>
          </reporter-output>
        </test-method> <!-- beforeMethod -->
        <test-method signature="testMethod1()[pri:1, instance:Selenium.Selenium.TestNGBasics@452e19ca]" started-at="2024-01-05T16:08:10 GMT" name="testMethod1" finished-at="2024-01-05T16:08:10 GMT" duration-ms="7" status="PASS">
          <reporter-output>
          </reporter-output>
        </test-method> <!-- testMethod1 -->
        <test-method is-config="true" signature="afterMethod()[pri:0, instance:Selenium.Selenium.TestNGBasics@452e19ca]" started-at="2024-01-05T16:08:10 GMT" name="afterMethod" finished-at="2024-01-05T16:08:10 GMT" duration-ms="1" status="PASS">
          <reporter-output>
          </reporter-output>
        </test-method> <!-- afterMethod -->
        <test-method is-config="true" signature="beforeMethod()[pri:0, instance:Selenium.Selenium.TestNGBasics@452e19ca]" started-at="2024-01-05T16:08:10 GMT" name="beforeMethod" finished-at="2024-01-05T16:08:10 GMT" duration-ms="0" status="PASS">
          <reporter-output>
          </reporter-output>
        </test-method> <!-- beforeMethod -->
        <test-method signature="testMethod2()[pri:2, instance:Selenium.Selenium.TestNGBasics@452e19ca]" started-at="2024-01-05T16:08:10 GMT" name="testMethod2" finished-at="2024-01-05T16:08:10 GMT" depends-on-methods="Selenium.Selenium.TestNGBasics.testMethod1" duration-ms="1" status="PASS">
          <reporter-output>
          </reporter-output>
        </test-method> <!-- testMethod2 -->
        <test-method is-config="true" signature="afterMethod()[pri:0, instance:Selenium.Selenium.TestNGBasics@452e19ca]" started-at="2024-01-05T16:08:10 GMT" name="afterMethod" finished-at="2024-01-05T16:08:10 GMT" duration-ms="1" status="PASS">
          <reporter-output>
          </reporter-output>
        </test-method> <!-- afterMethod -->
        <test-method is-config="true" signature="afterClass()[pri:0, instance:Selenium.Selenium.TestNGBasics@452e19ca]" started-at="2024-01-05T16:08:10 GMT" name="afterClass" finished-at="2024-01-05T16:08:10 GMT" duration-ms="0" status="PASS">
          <reporter-output>
          </reporter-output>
        </test-method> <!-- afterClass -->
        <test-method is-config="true" signature="afterSuite()[pri:0, instance:Selenium.Selenium.TestNGBasics@452e19ca]" started-at="2024-01-05T16:08:10 GMT" name="afterSuite" finished-at="2024-01-05T16:08:10 GMT" duration-ms="1" status="PASS">
          <reporter-output>
          </reporter-output>
        </test-method> <!-- afterSuite -->
      </class> <!-- Selenium.Selenium.TestNGBasics -->
    </test> <!-- MyTest -->
  </suite> <!-- MyTestSuite -->
</testng-results>
